
Answer for problem: 1920219

Answer for 1: 31

Answer for 2: 165

Answer for 3: 13312

Answer for 4: 180697

Answer for 5: 2210736

****** PART 2 ******

reducing step to 500000000000, on fuel amount 0
reducing step to 250000000000, on fuel amount 0
reducing step to 125000000000, on fuel amount 0
reducing step to 62500000000, on fuel amount 0
reducing step to 31250000000, on fuel amount 0
reducing step to 15625000000, on fuel amount 0
reducing step to 7812500000, on fuel amount 0
reducing step to 3906250000, on fuel amount 0
reducing step to 1953125000, on fuel amount 0
reducing step to 976562500, on fuel amount 0
reducing step to 488281250, on fuel amount 0
reducing step to 244140625, on fuel amount 0
reducing step to 122070312, on fuel amount 0
reducing step to 61035156, on fuel amount 0
reducing step to 30517578, on fuel amount 0
reducing step to 15258789, on fuel amount 0
reducing step to 7629394, on fuel amount 0
reducing step to 3814697, on fuel amount 0
reducing step to 1907348, on fuel amount 0
reducing step to 953674, on fuel amount 0
reducing step to 476837, on fuel amount 953674
reducing step to 238418, on fuel amount 953674
reducing step to 119209, on fuel amount 1192092
reducing step to 59604, on fuel amount 1311301
reducing step to 29802, on fuel amount 1311301
reducing step to 14901, on fuel amount 1311301
reducing step to 7450, on fuel amount 1326202
reducing step to 3725, on fuel amount 1326202
reducing step to 1862, on fuel amount 1329927
reducing step to 931, on fuel amount 1329927
reducing step to 465, on fuel amount 1329927
reducing step to 232, on fuel amount 1329927
reducing step to 116, on fuel amount 1329927
reducing step to 58, on fuel amount 1330043
reducing step to 29, on fuel amount 1330043
reducing step to 14, on fuel amount 1330043
reducing step to 7, on fuel amount 1330057
reducing step to 3, on fuel amount 1330064
reducing step to 1, on fuel amount 1330067
exit condition, cost 999999834497, delta 332145
Answer for problem: 1330073

reducing step to 500000000000, on fuel amount 0
reducing step to 250000000000, on fuel amount 0
reducing step to 125000000000, on fuel amount 0
reducing step to 62500000000, on fuel amount 0
reducing step to 31250000000, on fuel amount 0
reducing step to 15625000000, on fuel amount 31250000000
reducing step to 7812500000, on fuel amount 31250000000
reducing step to 3906250000, on fuel amount 31250000000
reducing step to 1953125000, on fuel amount 31250000000
reducing step to 976562500, on fuel amount 33203125000
reducing step to 488281250, on fuel amount 34179687500
reducing step to 244140625, on fuel amount 34179687500
reducing step to 122070312, on fuel amount 34423828125
reducing step to 61035156, on fuel amount 34423828125
reducing step to 30517578, on fuel amount 34423828125
reducing step to 15258789, on fuel amount 34454345703
reducing step to 7629394, on fuel amount 34469604492
reducing step to 3814697, on fuel amount 34477233886
reducing step to 1907348, on fuel amount 34481048583
reducing step to 953674, on fuel amount 34481048583
reducing step to 476837, on fuel amount 34482002257
reducing step to 238418, on fuel amount 34482479094
reducing step to 119209, on fuel amount 34482717512
reducing step to 59604, on fuel amount 34482717512
reducing step to 29802, on fuel amount 34482717512
reducing step to 14901, on fuel amount 34482747314
reducing step to 7450, on fuel amount 34482747314
reducing step to 3725, on fuel amount 34482754764
reducing step to 1862, on fuel amount 34482758489
reducing step to 931, on fuel amount 34482758489
reducing step to 465, on fuel amount 34482758489
reducing step to 232, on fuel amount 34482758489
reducing step to 116, on fuel amount 34482758489
reducing step to 58, on fuel amount 34482758605
reducing step to 29, on fuel amount 34482758605
reducing step to 14, on fuel amount 34482758605
reducing step to 7, on fuel amount 34482758619
reducing step to 3, on fuel amount 34482758619
reducing step to 1, on fuel amount 34482758619
exit condition, cost 999999999970, delta 31
Answer for 1: 34482758620

reducing step to 500000000000, on fuel amount 0
reducing step to 250000000000, on fuel amount 0
reducing step to 125000000000, on fuel amount 0
reducing step to 62500000000, on fuel amount 0
reducing step to 31250000000, on fuel amount 0
reducing step to 15625000000, on fuel amount 0
reducing step to 7812500000, on fuel amount 0
reducing step to 3906250000, on fuel amount 0
reducing step to 1953125000, on fuel amount 3906250000
reducing step to 976562500, on fuel amount 5859375000
reducing step to 488281250, on fuel amount 5859375000
reducing step to 244140625, on fuel amount 5859375000
reducing step to 122070312, on fuel amount 6103515625
reducing step to 61035156, on fuel amount 6225585937
reducing step to 30517578, on fuel amount 6286621093
reducing step to 15258789, on fuel amount 6317138671
reducing step to 7629394, on fuel amount 6317138671
reducing step to 3814697, on fuel amount 6317138671
reducing step to 1907348, on fuel amount 6320953368
reducing step to 953674, on fuel amount 6322860716
reducing step to 476837, on fuel amount 6322860716
reducing step to 238418, on fuel amount 6323337553
reducing step to 119209, on fuel amount 6323575971
reducing step to 59604, on fuel amount 6323695180
reducing step to 29802, on fuel amount 6323754784
reducing step to 14901, on fuel amount 6323754784
reducing step to 7450, on fuel amount 6323769685
reducing step to 3725, on fuel amount 6323777135
reducing step to 1862, on fuel amount 6323777135
reducing step to 931, on fuel amount 6323777135
reducing step to 465, on fuel amount 6323777135
reducing step to 232, on fuel amount 6323777135
reducing step to 116, on fuel amount 6323777367
reducing step to 58, on fuel amount 6323777367
reducing step to 29, on fuel amount 6323777367
reducing step to 14, on fuel amount 6323777396
reducing step to 7, on fuel amount 6323777396
reducing step to 3, on fuel amount 6323777403
reducing step to 1, on fuel amount 6323777403
exit condition, cost 999999999985, delta 158
Answer for 2: 6323777403

reducing step to 500000000000, on fuel amount 0
reducing step to 250000000000, on fuel amount 0
reducing step to 125000000000, on fuel amount 0
reducing step to 62500000000, on fuel amount 0
reducing step to 31250000000, on fuel amount 0
reducing step to 15625000000, on fuel amount 0
reducing step to 7812500000, on fuel amount 0
reducing step to 3906250000, on fuel amount 0
reducing step to 1953125000, on fuel amount 0
reducing step to 976562500, on fuel amount 0
reducing step to 488281250, on fuel amount 0
reducing step to 244140625, on fuel amount 0
reducing step to 122070312, on fuel amount 0
reducing step to 61035156, on fuel amount 0
reducing step to 30517578, on fuel amount 61035156
reducing step to 15258789, on fuel amount 61035156
reducing step to 7629394, on fuel amount 76293945
reducing step to 3814697, on fuel amount 76293945
reducing step to 1907348, on fuel amount 80108642
reducing step to 953674, on fuel amount 82015990
reducing step to 476837, on fuel amount 82015990
reducing step to 238418, on fuel amount 82492827
reducing step to 119209, on fuel amount 82731245
reducing step to 59604, on fuel amount 82850454
reducing step to 29802, on fuel amount 82850454
reducing step to 14901, on fuel amount 82880256
reducing step to 7450, on fuel amount 82880256
reducing step to 3725, on fuel amount 82887706
reducing step to 1862, on fuel amount 82891431
reducing step to 931, on fuel amount 82891431
reducing step to 465, on fuel amount 82892362
reducing step to 232, on fuel amount 82892362
reducing step to 116, on fuel amount 82892594
reducing step to 58, on fuel amount 82892710
reducing step to 29, on fuel amount 82892710
reducing step to 14, on fuel amount 82892739
reducing step to 7, on fuel amount 82892753
reducing step to 3, on fuel amount 82892753
reducing step to 1, on fuel amount 82892753
exit condition, cost 999999997396, delta 11600
Answer for 3: 82892753

reducing step to 500000000000, on fuel amount 0
reducing step to 250000000000, on fuel amount 0
reducing step to 125000000000, on fuel amount 0
reducing step to 62500000000, on fuel amount 0
reducing step to 31250000000, on fuel amount 0
reducing step to 15625000000, on fuel amount 0
reducing step to 7812500000, on fuel amount 0
reducing step to 3906250000, on fuel amount 0
reducing step to 1953125000, on fuel amount 0
reducing step to 976562500, on fuel amount 0
reducing step to 488281250, on fuel amount 0
reducing step to 244140625, on fuel amount 0
reducing step to 122070312, on fuel amount 0
reducing step to 61035156, on fuel amount 0
reducing step to 30517578, on fuel amount 0
reducing step to 15258789, on fuel amount 0
reducing step to 7629394, on fuel amount 0
reducing step to 3814697, on fuel amount 0
reducing step to 1907348, on fuel amount 3814697
reducing step to 953674, on fuel amount 3814697
reducing step to 476837, on fuel amount 4768371
reducing step to 238418, on fuel amount 5245208
reducing step to 119209, on fuel amount 5483626
reducing step to 59604, on fuel amount 5483626
reducing step to 29802, on fuel amount 5543230
reducing step to 14901, on fuel amount 5573032
reducing step to 7450, on fuel amount 5573032
reducing step to 3725, on fuel amount 5580482
reducing step to 1862, on fuel amount 5584207
reducing step to 931, on fuel amount 5584207
reducing step to 465, on fuel amount 5585138
reducing step to 232, on fuel amount 5585603
reducing step to 116, on fuel amount 5585835
reducing step to 58, on fuel amount 5585951
reducing step to 29, on fuel amount 5586009
reducing step to 14, on fuel amount 5586009
reducing step to 7, on fuel amount 5586009
reducing step to 3, on fuel amount 5586016
reducing step to 1, on fuel amount 5586022
exit condition, cost 999999896018, delta 179392
Answer for 4: 5586022

reducing step to 500000000000, on fuel amount 0
reducing step to 250000000000, on fuel amount 0
reducing step to 125000000000, on fuel amount 0
reducing step to 62500000000, on fuel amount 0
reducing step to 31250000000, on fuel amount 0
reducing step to 15625000000, on fuel amount 0
reducing step to 7812500000, on fuel amount 0
reducing step to 3906250000, on fuel amount 0
reducing step to 1953125000, on fuel amount 0
reducing step to 976562500, on fuel amount 0
reducing step to 488281250, on fuel amount 0
reducing step to 244140625, on fuel amount 0
reducing step to 122070312, on fuel amount 0
reducing step to 61035156, on fuel amount 0
reducing step to 30517578, on fuel amount 0
reducing step to 15258789, on fuel amount 0
reducing step to 7629394, on fuel amount 0
reducing step to 3814697, on fuel amount 0
reducing step to 1907348, on fuel amount 0
reducing step to 953674, on fuel amount 0
reducing step to 476837, on fuel amount 0
reducing step to 238418, on fuel amount 0
reducing step to 119209, on fuel amount 238418
reducing step to 59604, on fuel amount 357627
reducing step to 29802, on fuel amount 417231
reducing step to 14901, on fuel amount 447033
reducing step to 7450, on fuel amount 447033
reducing step to 3725, on fuel amount 454483
reducing step to 1862, on fuel amount 458208
reducing step to 931, on fuel amount 460070
reducing step to 465, on fuel amount 460070
reducing step to 232, on fuel amount 460535
reducing step to 116, on fuel amount 460535
reducing step to 58, on fuel amount 460651
reducing step to 29, on fuel amount 460651
reducing step to 14, on fuel amount 460651
reducing step to 7, on fuel amount 460651
reducing step to 3, on fuel amount 460658
reducing step to 1, on fuel amount 460664
exit condition, cost 999998436396, delta 2209386
Answer for 5: 460664
