

pos=<x=-16, y=57, z=-65>, vel=<x=-9, y=17, z=1>
pos=<x=-3, y=-19, z=29>, vel=<x=5, y=0, z=3>
pos=<x=13, y=15, z=16>, vel=<x=9, y=-15, z=-14>
pos=<x=-6, y=-55, z=15>, vel=<x=-5, y=-2, z=10>

Answer for problem: 7098


pos=<x=2, y=1, z=-3>, vel=<x=-3, y=-2, z=1>
pos=<x=1, y=-8, z=0>, vel=<x=-1, y=1, z=3>
pos=<x=3, y=-6, z=1>, vel=<x=3, y=2, z=-3>
pos=<x=2, y=0, z=4>, vel=<x=1, y=-1, z=-1>

Answer for 1: 179


pos=<x=8, y=-12, z=-9>, vel=<x=-7, y=3, z=0>
pos=<x=13, y=16, z=-3>, vel=<x=3, y=-11, z=-5>
pos=<x=-29, y=-11, z=-1>, vel=<x=-3, y=7, z=4>
pos=<x=16, y=-13, z=23>, vel=<x=7, y=1, z=1>

Answer for 2: 1940

***** PART 2 ******

  step 100000, {}
     ((52, -133, 15, 61), (18, 0, -1, -17))
     ((-7, -4, 0, 6), (0, 0, 0, 0))
  step 200000, {2: 102356, 0: 135024}
     ((-150, 284, -5, -134), (23, 1, -14, -10))
     ((-7, -4, 0, 6), (0, 0, 0, 0))

{
  "2": 204712,
  "0": 135024,
  "1": 231614
}
Answer for problem: 400128139852752


{
  "0": 36,
  "1": 28,
  "2": 44
}
Answer for 1: 2772


{
  "0": 4056,
  "2": 4702,
  "1": 5898
}
Answer for 2: 9373549848
