
Running scenario problem
Positions of wires
a lot of positions
crossings
[(308, 0), (876, 0), (876, 263), (-1111, 409), (-1210, -249), (-595, -1159), (-376, -1159), (-325, -1159), (-237, -1346), (-237, -1572), (113, -1572), (-325, -1494), (-3662, -1075), (-3686, -1109), (-4072, -1109), (-3662, -1099), (-2763, -1425), (-2616, -1392), (-2590, -655), (-2836, -655), (-2325, -1183), (-2231, -1183), (-1894, -923), (-2231, -753), (-2316, -655), (-1769, -175), (-1857, -92), (-2380, -92), (-2685, -220), (-2685, -655), (-2231, -849), (-2176, -923), (-2694, -1546), (-2694, -1392), (-2325, -1380), (-2288, -1546), (-969, -1354), (-933, -1354), (-307, -1572), (-307, -1346), (-307, -905), (-307, -705), (-719, -683), (-1003, -683), (-1753, 523), (-1753, 588), (-2567, 864), (-3022, 60), (-3022, -220), (-3022, -559), (-269, -1572), (-269, -1346), (-269, -905), (-325, -829), (-595, -829), (-719, -829), (-741, -1017), (-741, -1354), (-325, -1532), (-185, -1572), (-595, -1126), (-1293, -1354), (2274, -1871), (2114, -1756), (1471, -1520), (1162, -1823), (1985, -976), (2309, -930)]
Output: 308

Running scenario 1
Positions of wires
a lot of positions
crossings
[(158, -12), (146, 46), (155, 4), (155, 11)]
Output: 159

Running scenario 2
Positions of wires
a lot of positions
crossings
[(107, 47), (124, 11), (157, 18), (107, 71), (107, 51)]
Output: 135

******* PART 2 *******

Running scenario problem
Positions of wires
a lot of positions
Output: 12934

Running scenario 1
Positions of wires
a lot of positions
Output: 610

Running scenario 2
Positions of wires
a lot of positions
Output: 410
